Date: 2016-02-20 05:31
SG Backup version: 1.1.1
OS: Linux
Server: Apache/2.4.12 (Unix) OpenSSL/1.0.1e-fips
User agent: Mozilla/5.0 (Macintosh; Intel Mac OS X 10_11_3) AppleWebKit/537.36 (KHTML, like Gecko) Chrome/49.0.2623.47 Safari/537.36
PHP version: 5.5.29
SAPI: fpm-fcgi
Codepage: C
Int size: 8
Int lib: bcmath
Memory limit: 128M
Max execution time: 30
Environment: Wordpress 4.4.2
Backup type: files,database

2016-02-20 05:31: Start backup
2016-02-20 05:31: Start backup database
2016-02-20 05:31: Total tables to backup: 12
2016-02-20 05:31: Total rows to backup: 171
2016-02-20 05:31: Start backup table: wp_commentmeta
2016-02-20 05:31: End backup table: wp_commentmeta
2016-02-20 05:31: Start backup table: wp_comments
2016-02-20 05:31: End backup table: wp_comments
2016-02-20 05:31: Start backup table: wp_links
2016-02-20 05:31: End backup table: wp_links
2016-02-20 05:31: Start backup table: wp_options
2016-02-20 05:31: End backup table: wp_options
2016-02-20 05:31: Start backup table: wp_postmeta
2016-02-20 05:31: End backup table: wp_postmeta
2016-02-20 05:31: Start backup table: wp_posts
2016-02-20 05:31: End backup table: wp_posts
2016-02-20 05:31: Start backup table: wp_term_relationships
2016-02-20 05:31: End backup table: wp_term_relationships
2016-02-20 05:31: Start backup table: wp_term_taxonomy
2016-02-20 05:31: End backup table: wp_term_taxonomy
2016-02-20 05:31: Start backup table: wp_termmeta
2016-02-20 05:31: End backup table: wp_termmeta
2016-02-20 05:31: Start backup table: wp_terms
2016-02-20 05:31: End backup table: wp_terms
2016-02-20 05:31: Start backup table: wp_usermeta
2016-02-20 05:31: End backup table: wp_usermeta
2016-02-20 05:31: Start backup table: wp_users
2016-02-20 05:31: End backup table: wp_users
2016-02-20 05:31: End backup database
2016-02-20 05:31: Start backup files
2016-02-20 05:31: Backup files: wp-content,wp-content/uploads/backup-guard/sg_backup_20160220053151/sg_backup_20160220053151.sql
2016-02-20 05:31: Number of files to backup: 296
2016-02-20 05:31: Start backup file: wp-content
2016-02-20 05:31: End backup file: wp-content
2016-02-20 05:31: Start backup file: wp-content/uploads/backup-guard/sg_backup_20160220053151/sg_backup_20160220053151.sql
2016-02-20 05:31: End backup file: wp-content/uploads/backup-guard/sg_backup_20160220053151/sg_backup_20160220053151.sql
2016-02-20 05:31: End backup files
2016-02-20 05:31: End backup
2016-02-20 05:31: Total duration: 1.00 seconds
